Oct 29, 2019 7:10:22 PM edu.oswego.debug.DebugLogger logEvent
WARNING: Mailer object created. Information is in local storage stored unencrypted.
Oct 29, 2019 7:10:23 PM edu.oswego.debug.DebugLogger logEvent
WARNING: Communications link failure

The last packet sent successfully to the server was 0 milliseconds ago. The driver has not received any packets from the server.
Oct 29, 2019 7:14:11 PM edu.oswego.debug.DebugLogger logEvent
INFO: Credentials loaded from local file.
Oct 29, 2019 7:14:11 PM edu.oswego.debug.DebugLogger logEvent
WARNING: Mailer object created. Information is in local storage stored unencrypted.
Oct 29, 2019 7:14:17 PM edu.oswego.debug.DebugLogger logEvent
INFO: Connection has been established with database.
Oct 29, 2019 7:14:17 PM edu.oswego.debug.DebugLogger logEvent
INFO: Database obj created for: 1 <csc344testacc@gmail.com>
Oct 29, 2019 7:28:29 PM edu.oswego.debug.DebugLogger logEvent
INFO: Credentials loaded from local file.
Oct 29, 2019 7:28:29 PM edu.oswego.debug.DebugLogger logEvent
WARNING: Mailer object created. Information is in local storage stored unencrypted.
Oct 29, 2019 7:28:29 PM edu.oswego.debug.DebugLogger logEvent
INFO: Connection has been established with database.
Oct 29, 2019 7:28:29 PM edu.oswego.debug.DebugLogger logEvent
INFO: Database obj created for: 1 <csc344testacc@gmail.com>
Oct 29, 2019 7:29:14 PM edu.oswego.debug.DebugLogger logEvent
INFO: Credentials loaded from local file.
Oct 29, 2019 7:29:14 PM edu.oswego.debug.DebugLogger logEvent
WARNING: Mailer object created. Information is in local storage stored unencrypted.
Oct 29, 2019 7:29:15 PM edu.oswego.debug.DebugLogger logEvent
INFO: Connection has been established with database.
Oct 29, 2019 7:29:15 PM edu.oswego.debug.DebugLogger logEvent
INFO: Database obj created for: 1 <csc344testacc@gmail.com>
Oct 29, 2019 7:31:27 PM edu.oswego.debug.DebugLogger logEvent
INFO: Credentials loaded from local file.
Oct 29, 2019 7:31:27 PM edu.oswego.debug.DebugLogger logEvent
WARNING: Mailer object created. Information is in local storage stored unencrypted.
Oct 29, 2019 7:31:27 PM edu.oswego.debug.DebugLogger logEvent
INFO: Connection has been established with database.
Oct 29, 2019 7:31:27 PM edu.oswego.debug.DebugLogger logEvent
INFO: Database obj created for: 1 <csc344testacc@gmail.com>
Oct 29, 2019 7:31:29 PM edu.oswego.debug.DebugLogger logEvent
INFO: Credentials loaded from local file.
Oct 29, 2019 7:31:29 PM edu.oswego.debug.DebugLogger logEvent
WARNING: Mailer object created. Information is in local storage stored unencrypted.
Oct 29, 2019 7:31:30 PM edu.oswego.debug.DebugLogger logEvent
INFO: Connection has been established with database.
Oct 29, 2019 7:31:30 PM edu.oswego.debug.DebugLogger logEvent
INFO: Database obj created for: 1 <csc344testacc@gmail.com>
Oct 29, 2019 7:32:44 PM edu.oswego.debug.DebugLogger logEvent
INFO: Credentials loaded from local file.
Oct 29, 2019 7:32:44 PM edu.oswego.debug.DebugLogger logEvent
WARNING: Mailer object created. Information is in local storage stored unencrypted.
Oct 29, 2019 7:32:45 PM edu.oswego.debug.DebugLogger logEvent
INFO: Connection has been established with database.
Oct 29, 2019 7:32:45 PM edu.oswego.debug.DebugLogger logEvent
INFO: Query made for statement: TRUNCATE TABLE email;
Oct 29, 2019 7:32:45 PM edu.oswego.debug.DebugLogger logEvent
SEVERE: email has been truncated completely
Oct 29, 2019 7:32:45 PM edu.oswego.debug.DebugLogger logEvent
INFO: Query made for statement: TRUNCATE TABLE email_addr;
Oct 29, 2019 7:32:45 PM edu.oswego.debug.DebugLogger logEvent
SEVERE: email_addr has been truncated completely
Oct 29, 2019 7:32:45 PM edu.oswego.debug.DebugLogger logEvent
INFO: Query made for statement: TRUNCATE TABLE filter_settings;
Oct 29, 2019 7:32:45 PM edu.oswego.debug.DebugLogger logEvent
SEVERE: filter_settings has been truncated completely
Oct 29, 2019 7:32:45 PM edu.oswego.debug.DebugLogger logEvent
INFO: Query made for statement: TRUNCATE TABLE folder;
Oct 29, 2019 7:32:46 PM edu.oswego.debug.DebugLogger logEvent
SEVERE: folder has been truncated completely
Oct 29, 2019 7:32:46 PM edu.oswego.debug.DebugLogger logEvent
INFO: Query made for statement: TRUNCATE TABLE received_email;
Oct 29, 2019 7:32:46 PM edu.oswego.debug.DebugLogger logEvent
SEVERE: received_email has been truncated completely
Oct 29, 2019 7:32:46 PM edu.oswego.debug.DebugLogger logEvent
INFO: Query made for statement: TRUNCATE TABLE user;
Oct 29, 2019 7:32:46 PM edu.oswego.debug.DebugLogger logEvent
SEVERE: user has been truncated completely
Oct 29, 2019 7:32:46 PM edu.oswego.debug.DebugLogger logEvent
INFO: Query made for statement: TRUNCATE TABLE user_email;
Oct 29, 2019 7:32:46 PM edu.oswego.debug.DebugLogger logEvent
SEVERE: user_email has been truncated completely
Oct 29, 2019 7:32:46 PM edu.oswego.debug.DebugLogger logEvent
INFO: Query made for statement: TRUNCATE TABLE user_favourites;
Oct 29, 2019 7:32:46 PM edu.oswego.debug.DebugLogger logEvent
SEVERE: user_favourites has been truncated completely
Oct 29, 2019 7:32:46 PM edu.oswego.debug.DebugLogger logEvent
INFO: Query made for statement: TRUNCATE TABLE sentiment_score;
Oct 29, 2019 7:32:46 PM edu.oswego.debug.DebugLogger logEvent
SEVERE: sentiment_score has been truncated completely
Oct 29, 2019 7:32:46 PM edu.oswego.debug.DebugLogger logEvent
SEVERE: Database tables have been truncated completely.
Oct 29, 2019 7:32:46 PM edu.oswego.debug.DebugLogger logEvent
INFO: Connection has been established with database.
Oct 29, 2019 7:32:46 PM edu.oswego.debug.DebugLogger logEvent
INFO: New user created 1 <csc344testacc@gmail.com>
Oct 29, 2019 7:32:46 PM edu.oswego.debug.DebugLogger logEvent
INFO: Database obj created for: 1 <csc344testacc@gmail.com>
Oct 29, 2019 7:32:46 PM edu.oswego.debug.DebugLogger logEvent
INFO: Query made for statement: USE csc480_19f;
Oct 29, 2019 7:32:47 PM edu.oswego.debug.DebugLogger logEvent
INFO: Query made for statement: INSERT INTO user (email_address) VALUE ('first@gmail.com');
Oct 29, 2019 7:32:47 PM edu.oswego.debug.DebugLogger logEvent
INFO: Query made for statement: TRUNCATE TABLE email;
Oct 29, 2019 7:32:47 PM edu.oswego.debug.DebugLogger logEvent
SEVERE: email has been truncated completely
Oct 29, 2019 7:32:47 PM edu.oswego.debug.DebugLogger logEvent
INFO: Query made for statement: TRUNCATE TABLE email_addr;
Oct 29, 2019 7:32:47 PM edu.oswego.debug.DebugLogger logEvent
SEVERE: email_addr has been truncated completely
Oct 29, 2019 7:32:47 PM edu.oswego.debug.DebugLogger logEvent
INFO: Query made for statement: TRUNCATE TABLE filter_settings;
Oct 29, 2019 7:32:47 PM edu.oswego.debug.DebugLogger logEvent
SEVERE: filter_settings has been truncated completely
Oct 29, 2019 7:32:47 PM edu.oswego.debug.DebugLogger logEvent
INFO: Query made for statement: TRUNCATE TABLE folder;
Oct 29, 2019 7:32:47 PM edu.oswego.debug.DebugLogger logEvent
SEVERE: folder has been truncated completely
Oct 29, 2019 7:32:47 PM edu.oswego.debug.DebugLogger logEvent
INFO: Query made for statement: TRUNCATE TABLE received_email;
Oct 29, 2019 7:32:47 PM edu.oswego.debug.DebugLogger logEvent
SEVERE: received_email has been truncated completely
Oct 29, 2019 7:32:48 PM edu.oswego.debug.DebugLogger logEvent
INFO: Query made for statement: TRUNCATE TABLE user;
Oct 29, 2019 7:32:48 PM edu.oswego.debug.DebugLogger logEvent
SEVERE: user has been truncated completely
Oct 29, 2019 7:32:48 PM edu.oswego.debug.DebugLogger logEvent
INFO: Query made for statement: TRUNCATE TABLE user_email;
Oct 29, 2019 7:32:48 PM edu.oswego.debug.DebugLogger logEvent
SEVERE: user_email has been truncated completely
Oct 29, 2019 7:32:48 PM edu.oswego.debug.DebugLogger logEvent
INFO: Query made for statement: TRUNCATE TABLE user_favourites;
Oct 29, 2019 7:32:48 PM edu.oswego.debug.DebugLogger logEvent
SEVERE: user_favourites has been truncated completely
Oct 29, 2019 7:32:48 PM edu.oswego.debug.DebugLogger logEvent
INFO: Query made for statement: TRUNCATE TABLE sentiment_score;
Oct 29, 2019 7:32:48 PM edu.oswego.debug.DebugLogger logEvent
SEVERE: sentiment_score has been truncated completely
Oct 29, 2019 7:32:48 PM edu.oswego.debug.DebugLogger logEvent
SEVERE: Database tables have been truncated completely.
Oct 29, 2019 7:32:48 PM edu.oswego.debug.DebugLogger logEvent
INFO: Credentials loaded from local file.
Oct 29, 2019 7:32:48 PM edu.oswego.debug.DebugLogger logEvent
WARNING: Mailer object created. Information is in local storage stored unencrypted.
Oct 29, 2019 7:32:48 PM edu.oswego.debug.DebugLogger logEvent
INFO: Connection has been established with database.
Oct 29, 2019 7:32:48 PM edu.oswego.debug.DebugLogger logEvent
INFO: Query made for statement: TRUNCATE TABLE email;
Oct 29, 2019 7:32:48 PM edu.oswego.debug.DebugLogger logEvent
SEVERE: email has been truncated completely
Oct 29, 2019 7:32:49 PM edu.oswego.debug.DebugLogger logEvent
INFO: Query made for statement: TRUNCATE TABLE email_addr;
Oct 29, 2019 7:32:49 PM edu.oswego.debug.DebugLogger logEvent
SEVERE: email_addr has been truncated completely
Oct 29, 2019 7:32:49 PM edu.oswego.debug.DebugLogger logEvent
INFO: Query made for statement: TRUNCATE TABLE filter_settings;
Oct 29, 2019 7:32:49 PM edu.oswego.debug.DebugLogger logEvent
SEVERE: filter_settings has been truncated completely
Oct 29, 2019 7:32:49 PM edu.oswego.debug.DebugLogger logEvent
INFO: Query made for statement: TRUNCATE TABLE folder;
Oct 29, 2019 7:32:49 PM edu.oswego.debug.DebugLogger logEvent
SEVERE: folder has been truncated completely
Oct 29, 2019 7:32:49 PM edu.oswego.debug.DebugLogger logEvent
INFO: Query made for statement: TRUNCATE TABLE received_email;
Oct 29, 2019 7:32:49 PM edu.oswego.debug.DebugLogger logEvent
SEVERE: received_email has been truncated completely
Oct 29, 2019 7:32:49 PM edu.oswego.debug.DebugLogger logEvent
INFO: Query made for statement: TRUNCATE TABLE user;
Oct 29, 2019 7:32:49 PM edu.oswego.debug.DebugLogger logEvent
SEVERE: user has been truncated completely
Oct 29, 2019 7:32:49 PM edu.oswego.debug.DebugLogger logEvent
INFO: Query made for statement: TRUNCATE TABLE user_email;
Oct 29, 2019 7:32:49 PM edu.oswego.debug.DebugLogger logEvent
SEVERE: user_email has been truncated completely
Oct 29, 2019 7:32:50 PM edu.oswego.debug.DebugLogger logEvent
INFO: Query made for statement: TRUNCATE TABLE user_favourites;
Oct 29, 2019 7:32:50 PM edu.oswego.debug.DebugLogger logEvent
SEVERE: user_favourites has been truncated completely
Oct 29, 2019 7:32:50 PM edu.oswego.debug.DebugLogger logEvent
INFO: Query made for statement: TRUNCATE TABLE sentiment_score;
Oct 29, 2019 7:32:50 PM edu.oswego.debug.DebugLogger logEvent
SEVERE: sentiment_score has been truncated completely
Oct 29, 2019 7:32:50 PM edu.oswego.debug.DebugLogger logEvent
SEVERE: Database tables have been truncated completely.
Oct 29, 2019 7:32:50 PM edu.oswego.debug.DebugLogger logEvent
INFO: Connection has been established with database.
Oct 29, 2019 7:32:50 PM edu.oswego.debug.DebugLogger logEvent
INFO: New user created 1 <csc344testacc@gmail.com>
Oct 29, 2019 7:32:50 PM edu.oswego.debug.DebugLogger logEvent
INFO: Database obj created for: 1 <csc344testacc@gmail.com>
Oct 29, 2019 7:32:50 PM edu.oswego.debug.DebugLogger logEvent
INFO: Query made for statement: INSERT INTO folder (fold_name) VALUES ('Apple Developer'), ('INBOX'), ('Misc/UUP/CELT'), ('[Gmail]/Sent Mail');
Oct 29, 2019 7:32:50 PM edu.oswego.debug.DebugLogger logEvent
INFO: Query made for statement: INSERT INTO user_favourites (filter_settings_id, user_id, fav_name) VALUE (1, 1, 'Awesome favs');
Oct 29, 2019 7:32:50 PM edu.oswego.debug.DebugLogger logEvent
INFO: User Favourite added for 1 <csc344testacc@gmail.com>
Oct 29, 2019 7:32:50 PM edu.oswego.debug.DebugLogger logEvent
INFO: Query made for statement: INSERT INTO user_favourites (filter_settings_id, user_id, fav_name) VALUE (2, 1, 'Crappy favs');
Oct 29, 2019 7:32:50 PM edu.oswego.debug.DebugLogger logEvent
INFO: User Favourite added for 1 <csc344testacc@gmail.com>
Oct 29, 2019 7:32:50 PM edu.oswego.debug.DebugLogger logEvent
INFO: Query made for statement: INSERT INTO user_favourites (filter_settings_id, user_id, fav_name) VALUE (3, 1, 'Mediocre favs');
Oct 29, 2019 7:32:50 PM edu.oswego.debug.DebugLogger logEvent
INFO: User Favourite added for 1 <csc344testacc@gmail.com>
Oct 29, 2019 7:32:50 PM edu.oswego.debug.DebugLogger logEvent
INFO: Query made for statement: INSERT INTO user_favourites (filter_settings_id, user_id, fav_name) VALUE (4, 1, 'Jimmys favs');
Oct 29, 2019 7:32:50 PM edu.oswego.debug.DebugLogger logEvent
INFO: User Favourite added for 1 <csc344testacc@gmail.com>
Oct 29, 2019 7:32:50 PM edu.oswego.debug.DebugLogger logEvent
INFO: Query made for statement: DELETE FROM user_favourites WHERE fav_name = 'Jimmys favs' AND user_id = 1;
Oct 29, 2019 7:32:50 PM edu.oswego.debug.DebugLogger logEvent
INFO: User favourite removal submitted for 1 <csc344testacc@gmail.com>
Oct 29, 2019 7:32:52 PM edu.oswego.debug.DebugLogger logEvent
INFO: Favourites fetched for 1 <csc344testacc@gmail.com>
Oct 29, 2019 7:32:52 PM edu.oswego.debug.DebugLogger logEvent
INFO: Query made for statement: TRUNCATE TABLE email;
Oct 29, 2019 7:32:52 PM edu.oswego.debug.DebugLogger logEvent
SEVERE: email has been truncated completely
Oct 29, 2019 7:32:52 PM edu.oswego.debug.DebugLogger logEvent
INFO: Query made for statement: TRUNCATE TABLE email_addr;
Oct 29, 2019 7:32:52 PM edu.oswego.debug.DebugLogger logEvent
SEVERE: email_addr has been truncated completely
Oct 29, 2019 7:32:52 PM edu.oswego.debug.DebugLogger logEvent
INFO: Query made for statement: TRUNCATE TABLE filter_settings;
Oct 29, 2019 7:32:52 PM edu.oswego.debug.DebugLogger logEvent
SEVERE: filter_settings has been truncated completely
Oct 29, 2019 7:32:52 PM edu.oswego.debug.DebugLogger logEvent
INFO: Query made for statement: TRUNCATE TABLE folder;
Oct 29, 2019 7:32:52 PM edu.oswego.debug.DebugLogger logEvent
SEVERE: folder has been truncated completely
Oct 29, 2019 7:32:52 PM edu.oswego.debug.DebugLogger logEvent
INFO: Query made for statement: TRUNCATE TABLE received_email;
Oct 29, 2019 7:32:52 PM edu.oswego.debug.DebugLogger logEvent
SEVERE: received_email has been truncated completely
Oct 29, 2019 7:32:53 PM edu.oswego.debug.DebugLogger logEvent
INFO: Query made for statement: TRUNCATE TABLE user;
Oct 29, 2019 7:32:53 PM edu.oswego.debug.DebugLogger logEvent
SEVERE: user has been truncated completely
Oct 29, 2019 7:32:53 PM edu.oswego.debug.DebugLogger logEvent
INFO: Query made for statement: TRUNCATE TABLE user_email;
Oct 29, 2019 7:32:53 PM edu.oswego.debug.DebugLogger logEvent
SEVERE: user_email has been truncated completely
Oct 29, 2019 7:32:53 PM edu.oswego.debug.DebugLogger logEvent
INFO: Query made for statement: TRUNCATE TABLE user_favourites;
Oct 29, 2019 7:32:53 PM edu.oswego.debug.DebugLogger logEvent
SEVERE: user_favourites has been truncated completely
Oct 29, 2019 7:32:53 PM edu.oswego.debug.DebugLogger logEvent
INFO: Query made for statement: TRUNCATE TABLE sentiment_score;
Oct 29, 2019 7:32:53 PM edu.oswego.debug.DebugLogger logEvent
SEVERE: sentiment_score has been truncated completely
Oct 29, 2019 7:32:53 PM edu.oswego.debug.DebugLogger logEvent
SEVERE: Database tables have been truncated completely.
Oct 29, 2019 7:33:28 PM edu.oswego.debug.DebugLogger logEvent
INFO: Credentials loaded from local file.
Oct 29, 2019 7:33:28 PM edu.oswego.debug.DebugLogger logEvent
WARNING: Mailer object created. Information is in local storage stored unencrypted.
Oct 29, 2019 7:33:29 PM edu.oswego.debug.DebugLogger logEvent
INFO: Connection has been established with database.
Oct 29, 2019 7:33:29 PM edu.oswego.debug.DebugLogger logEvent
INFO: Query made for statement: TRUNCATE TABLE email;
Oct 29, 2019 7:33:29 PM edu.oswego.debug.DebugLogger logEvent
SEVERE: email has been truncated completely
Oct 29, 2019 7:33:29 PM edu.oswego.debug.DebugLogger logEvent
INFO: Query made for statement: TRUNCATE TABLE email_addr;
Oct 29, 2019 7:33:29 PM edu.oswego.debug.DebugLogger logEvent
SEVERE: email_addr has been truncated completely
Oct 29, 2019 7:33:29 PM edu.oswego.debug.DebugLogger logEvent
INFO: Query made for statement: TRUNCATE TABLE filter_settings;
Oct 29, 2019 7:33:29 PM edu.oswego.debug.DebugLogger logEvent
SEVERE: filter_settings has been truncated completely
Oct 29, 2019 7:33:29 PM edu.oswego.debug.DebugLogger logEvent
INFO: Query made for statement: TRUNCATE TABLE folder;
Oct 29, 2019 7:33:29 PM edu.oswego.debug.DebugLogger logEvent
SEVERE: folder has been truncated completely
Oct 29, 2019 7:33:30 PM edu.oswego.debug.DebugLogger logEvent
INFO: Query made for statement: TRUNCATE TABLE received_email;
Oct 29, 2019 7:33:30 PM edu.oswego.debug.DebugLogger logEvent
SEVERE: received_email has been truncated completely
Oct 29, 2019 7:33:30 PM edu.oswego.debug.DebugLogger logEvent
INFO: Query made for statement: TRUNCATE TABLE user;
Oct 29, 2019 7:33:30 PM edu.oswego.debug.DebugLogger logEvent
SEVERE: user has been truncated completely
Oct 29, 2019 7:33:30 PM edu.oswego.debug.DebugLogger logEvent
INFO: Query made for statement: TRUNCATE TABLE user_email;
Oct 29, 2019 7:33:30 PM edu.oswego.debug.DebugLogger logEvent
SEVERE: user_email has been truncated completely
Oct 29, 2019 7:33:30 PM edu.oswego.debug.DebugLogger logEvent
INFO: Query made for statement: TRUNCATE TABLE user_favourites;
Oct 29, 2019 7:33:30 PM edu.oswego.debug.DebugLogger logEvent
SEVERE: user_favourites has been truncated completely
Oct 29, 2019 7:33:30 PM edu.oswego.debug.DebugLogger logEvent
INFO: Query made for statement: TRUNCATE TABLE sentiment_score;
Oct 29, 2019 7:33:30 PM edu.oswego.debug.DebugLogger logEvent
SEVERE: sentiment_score has been truncated completely
Oct 29, 2019 7:33:30 PM edu.oswego.debug.DebugLogger logEvent
SEVERE: Database tables have been truncated completely.
Oct 29, 2019 7:33:30 PM edu.oswego.debug.DebugLogger logEvent
INFO: Connection has been established with database.
Oct 29, 2019 7:33:30 PM edu.oswego.debug.DebugLogger logEvent
INFO: New user created 1 <csc344testacc@gmail.com>
Oct 29, 2019 7:33:30 PM edu.oswego.debug.DebugLogger logEvent
INFO: Database obj created for: 1 <csc344testacc@gmail.com>
Oct 29, 2019 7:33:30 PM edu.oswego.debug.DebugLogger logEvent
INFO: Query made for statement: USE csc480_19f;
Oct 29, 2019 7:33:30 PM edu.oswego.debug.DebugLogger logEvent
INFO: Query made for statement: INSERT INTO user (email_address) VALUE ('first@gmail.com');
Oct 29, 2019 7:33:31 PM edu.oswego.debug.DebugLogger logEvent
INFO: Query made for statement: TRUNCATE TABLE email;
Oct 29, 2019 7:33:31 PM edu.oswego.debug.DebugLogger logEvent
SEVERE: email has been truncated completely
Oct 29, 2019 7:33:31 PM edu.oswego.debug.DebugLogger logEvent
INFO: Query made for statement: TRUNCATE TABLE email_addr;
Oct 29, 2019 7:33:31 PM edu.oswego.debug.DebugLogger logEvent
SEVERE: email_addr has been truncated completely
Oct 29, 2019 7:33:31 PM edu.oswego.debug.DebugLogger logEvent
INFO: Query made for statement: TRUNCATE TABLE filter_settings;
Oct 29, 2019 7:33:31 PM edu.oswego.debug.DebugLogger logEvent
SEVERE: filter_settings has been truncated completely
Oct 29, 2019 7:33:31 PM edu.oswego.debug.DebugLogger logEvent
INFO: Query made for statement: TRUNCATE TABLE folder;
Oct 29, 2019 7:33:31 PM edu.oswego.debug.DebugLogger logEvent
SEVERE: folder has been truncated completely
Oct 29, 2019 7:33:31 PM edu.oswego.debug.DebugLogger logEvent
INFO: Query made for statement: TRUNCATE TABLE received_email;
Oct 29, 2019 7:33:31 PM edu.oswego.debug.DebugLogger logEvent
SEVERE: received_email has been truncated completely
Oct 29, 2019 7:33:32 PM edu.oswego.debug.DebugLogger logEvent
INFO: Query made for statement: TRUNCATE TABLE user;
Oct 29, 2019 7:33:32 PM edu.oswego.debug.DebugLogger logEvent
SEVERE: user has been truncated completely
Oct 29, 2019 7:33:32 PM edu.oswego.debug.DebugLogger logEvent
INFO: Query made for statement: TRUNCATE TABLE user_email;
Oct 29, 2019 7:33:32 PM edu.oswego.debug.DebugLogger logEvent
SEVERE: user_email has been truncated completely
Oct 29, 2019 7:33:32 PM edu.oswego.debug.DebugLogger logEvent
INFO: Query made for statement: TRUNCATE TABLE user_favourites;
Oct 29, 2019 7:33:32 PM edu.oswego.debug.DebugLogger logEvent
SEVERE: user_favourites has been truncated completely
Oct 29, 2019 7:33:32 PM edu.oswego.debug.DebugLogger logEvent
INFO: Query made for statement: TRUNCATE TABLE sentiment_score;
Oct 29, 2019 7:33:32 PM edu.oswego.debug.DebugLogger logEvent
SEVERE: sentiment_score has been truncated completely
Oct 29, 2019 7:33:32 PM edu.oswego.debug.DebugLogger logEvent
SEVERE: Database tables have been truncated completely.
Oct 29, 2019 7:34:36 PM edu.oswego.debug.DebugLogger logEvent
INFO: Credentials loaded from local file.
Oct 29, 2019 7:34:36 PM edu.oswego.debug.DebugLogger logEvent
WARNING: Mailer object created. Information is in local storage stored unencrypted.
Oct 29, 2019 7:34:36 PM edu.oswego.debug.DebugLogger logEvent
INFO: Connection has been established with database.
Oct 29, 2019 7:34:36 PM edu.oswego.debug.DebugLogger logEvent
INFO: Query made for statement: TRUNCATE TABLE email;
Oct 29, 2019 7:34:36 PM edu.oswego.debug.DebugLogger logEvent
SEVERE: email has been truncated completely
Oct 29, 2019 7:34:36 PM edu.oswego.debug.DebugLogger logEvent
INFO: Query made for statement: TRUNCATE TABLE email_addr;
Oct 29, 2019 7:34:36 PM edu.oswego.debug.DebugLogger logEvent
SEVERE: email_addr has been truncated completely
Oct 29, 2019 7:34:37 PM edu.oswego.debug.DebugLogger logEvent
INFO: Query made for statement: TRUNCATE TABLE filter_settings;
Oct 29, 2019 7:34:37 PM edu.oswego.debug.DebugLogger logEvent
SEVERE: filter_settings has been truncated completely
Oct 29, 2019 7:34:37 PM edu.oswego.debug.DebugLogger logEvent
INFO: Query made for statement: TRUNCATE TABLE folder;
Oct 29, 2019 7:34:37 PM edu.oswego.debug.DebugLogger logEvent
SEVERE: folder has been truncated completely
Oct 29, 2019 7:34:37 PM edu.oswego.debug.DebugLogger logEvent
INFO: Query made for statement: TRUNCATE TABLE received_email;
Oct 29, 2019 7:34:37 PM edu.oswego.debug.DebugLogger logEvent
SEVERE: received_email has been truncated completely
Oct 29, 2019 7:34:37 PM edu.oswego.debug.DebugLogger logEvent
INFO: Query made for statement: TRUNCATE TABLE user;
Oct 29, 2019 7:34:37 PM edu.oswego.debug.DebugLogger logEvent
SEVERE: user has been truncated completely
Oct 29, 2019 7:34:37 PM edu.oswego.debug.DebugLogger logEvent
INFO: Query made for statement: TRUNCATE TABLE user_email;
Oct 29, 2019 7:34:37 PM edu.oswego.debug.DebugLogger logEvent
SEVERE: user_email has been truncated completely
Oct 29, 2019 7:34:37 PM edu.oswego.debug.DebugLogger logEvent
INFO: Query made for statement: TRUNCATE TABLE user_favourites;
Oct 29, 2019 7:34:37 PM edu.oswego.debug.DebugLogger logEvent
SEVERE: user_favourites has been truncated completely
Oct 29, 2019 7:34:38 PM edu.oswego.debug.DebugLogger logEvent
INFO: Query made for statement: TRUNCATE TABLE sentiment_score;
Oct 29, 2019 7:34:38 PM edu.oswego.debug.DebugLogger logEvent
SEVERE: sentiment_score has been truncated completely
Oct 29, 2019 7:34:38 PM edu.oswego.debug.DebugLogger logEvent
SEVERE: Database tables have been truncated completely.
Oct 29, 2019 7:34:38 PM edu.oswego.debug.DebugLogger logEvent
INFO: Connection has been established with database.
Oct 29, 2019 7:34:38 PM edu.oswego.debug.DebugLogger logEvent
INFO: New user created 1 <csc344testacc@gmail.com>
Oct 29, 2019 7:34:38 PM edu.oswego.debug.DebugLogger logEvent
INFO: Database obj created for: 1 <csc344testacc@gmail.com>
Oct 29, 2019 7:34:38 PM edu.oswego.debug.DebugLogger logEvent
INFO: Query made for statement: USE csc480_19f;
Oct 29, 2019 7:34:38 PM edu.oswego.debug.DebugLogger logEvent
INFO: Query made for statement: INSERT INTO user (email_address) VALUE ('first@gmail.com');
Oct 29, 2019 7:34:38 PM edu.oswego.debug.DebugLogger logEvent
INFO: Query made for statement: TRUNCATE TABLE email;
Oct 29, 2019 7:34:38 PM edu.oswego.debug.DebugLogger logEvent
SEVERE: email has been truncated completely
Oct 29, 2019 7:34:38 PM edu.oswego.debug.DebugLogger logEvent
INFO: Query made for statement: TRUNCATE TABLE email_addr;
Oct 29, 2019 7:34:38 PM edu.oswego.debug.DebugLogger logEvent
SEVERE: email_addr has been truncated completely
Oct 29, 2019 7:34:39 PM edu.oswego.debug.DebugLogger logEvent
INFO: Query made for statement: TRUNCATE TABLE filter_settings;
Oct 29, 2019 7:34:39 PM edu.oswego.debug.DebugLogger logEvent
SEVERE: filter_settings has been truncated completely
Oct 29, 2019 7:34:39 PM edu.oswego.debug.DebugLogger logEvent
INFO: Query made for statement: TRUNCATE TABLE folder;
Oct 29, 2019 7:34:39 PM edu.oswego.debug.DebugLogger logEvent
SEVERE: folder has been truncated completely
Oct 29, 2019 7:34:39 PM edu.oswego.debug.DebugLogger logEvent
INFO: Query made for statement: TRUNCATE TABLE received_email;
Oct 29, 2019 7:34:39 PM edu.oswego.debug.DebugLogger logEvent
SEVERE: received_email has been truncated completely
Oct 29, 2019 7:34:39 PM edu.oswego.debug.DebugLogger logEvent
INFO: Query made for statement: TRUNCATE TABLE user;
Oct 29, 2019 7:34:39 PM edu.oswego.debug.DebugLogger logEvent
SEVERE: user has been truncated completely
Oct 29, 2019 7:34:39 PM edu.oswego.debug.DebugLogger logEvent
INFO: Query made for statement: TRUNCATE TABLE user_email;
Oct 29, 2019 7:34:39 PM edu.oswego.debug.DebugLogger logEvent
SEVERE: user_email has been truncated completely
Oct 29, 2019 7:34:40 PM edu.oswego.debug.DebugLogger logEvent
INFO: Query made for statement: TRUNCATE TABLE user_favourites;
Oct 29, 2019 7:34:40 PM edu.oswego.debug.DebugLogger logEvent
SEVERE: user_favourites has been truncated completely
Oct 29, 2019 7:34:40 PM edu.oswego.debug.DebugLogger logEvent
INFO: Query made for statement: TRUNCATE TABLE sentiment_score;
Oct 29, 2019 7:34:40 PM edu.oswego.debug.DebugLogger logEvent
SEVERE: sentiment_score has been truncated completely
Oct 29, 2019 7:34:40 PM edu.oswego.debug.DebugLogger logEvent
SEVERE: Database tables have been truncated completely.
Oct 29, 2019 7:35:30 PM edu.oswego.debug.DebugLogger logEvent
INFO: Credentials loaded from local file.
Oct 29, 2019 7:35:30 PM edu.oswego.debug.DebugLogger logEvent
WARNING: Mailer object created. Information is in local storage stored unencrypted.
Oct 29, 2019 7:35:30 PM edu.oswego.debug.DebugLogger logEvent
INFO: Connection has been established with database.
Oct 29, 2019 7:35:30 PM edu.oswego.debug.DebugLogger logEvent
INFO: New user created 1 <csc344testacc@gmail.com>
Oct 29, 2019 7:35:30 PM edu.oswego.debug.DebugLogger logEvent
INFO: Database obj created for: 1 <csc344testacc@gmail.com>
Oct 29, 2019 7:35:30 PM edu.oswego.debug.DebugLogger logEvent
INFO: Query made for statement: USE csc480_19f;
Oct 29, 2019 7:35:30 PM edu.oswego.debug.DebugLogger logEvent
INFO: Query made for statement: INSERT INTO user (email_address) VALUE ('first@gmail.com');
Oct 29, 2019 7:35:31 PM edu.oswego.debug.DebugLogger logEvent
INFO: Query made for statement: TRUNCATE TABLE email;
Oct 29, 2019 7:35:31 PM edu.oswego.debug.DebugLogger logEvent
SEVERE: email has been truncated completely
Oct 29, 2019 7:35:31 PM edu.oswego.debug.DebugLogger logEvent
INFO: Query made for statement: TRUNCATE TABLE email_addr;
Oct 29, 2019 7:35:31 PM edu.oswego.debug.DebugLogger logEvent
SEVERE: email_addr has been truncated completely
Oct 29, 2019 7:35:31 PM edu.oswego.debug.DebugLogger logEvent
INFO: Query made for statement: TRUNCATE TABLE filter_settings;
Oct 29, 2019 7:35:31 PM edu.oswego.debug.DebugLogger logEvent
SEVERE: filter_settings has been truncated completely
Oct 29, 2019 7:35:31 PM edu.oswego.debug.DebugLogger logEvent
INFO: Query made for statement: TRUNCATE TABLE folder;
Oct 29, 2019 7:35:31 PM edu.oswego.debug.DebugLogger logEvent
SEVERE: folder has been truncated completely
Oct 29, 2019 7:35:32 PM edu.oswego.debug.DebugLogger logEvent
INFO: Query made for statement: TRUNCATE TABLE received_email;
Oct 29, 2019 7:35:32 PM edu.oswego.debug.DebugLogger logEvent
SEVERE: received_email has been truncated completely
Oct 29, 2019 7:35:32 PM edu.oswego.debug.DebugLogger logEvent
INFO: Query made for statement: TRUNCATE TABLE user;
Oct 29, 2019 7:35:32 PM edu.oswego.debug.DebugLogger logEvent
SEVERE: user has been truncated completely
Oct 29, 2019 7:35:32 PM edu.oswego.debug.DebugLogger logEvent
INFO: Query made for statement: TRUNCATE TABLE user_email;
Oct 29, 2019 7:35:32 PM edu.oswego.debug.DebugLogger logEvent
SEVERE: user_email has been truncated completely
Oct 29, 2019 7:35:32 PM edu.oswego.debug.DebugLogger logEvent
INFO: Query made for statement: TRUNCATE TABLE user_favourites;
Oct 29, 2019 7:35:32 PM edu.oswego.debug.DebugLogger logEvent
SEVERE: user_favourites has been truncated completely
Oct 29, 2019 7:35:32 PM edu.oswego.debug.DebugLogger logEvent
INFO: Query made for statement: TRUNCATE TABLE sentiment_score;
Oct 29, 2019 7:35:32 PM edu.oswego.debug.DebugLogger logEvent
SEVERE: sentiment_score has been truncated completely
Oct 29, 2019 7:35:32 PM edu.oswego.debug.DebugLogger logEvent
SEVERE: Database tables have been truncated completely.
Oct 29, 2019 7:37:12 PM edu.oswego.debug.DebugLogger logEvent
INFO: Credentials loaded from local file.
Oct 29, 2019 7:37:12 PM edu.oswego.debug.DebugLogger logEvent
WARNING: Mailer object created. Information is in local storage stored unencrypted.
Oct 29, 2019 7:37:13 PM edu.oswego.debug.DebugLogger logEvent
INFO: Connection has been established with database.
Oct 29, 2019 7:37:13 PM edu.oswego.debug.DebugLogger logEvent
INFO: New user created 1 <csc344testacc@gmail.com>
Oct 29, 2019 7:37:13 PM edu.oswego.debug.DebugLogger logEvent
INFO: Database obj created for: 1 <csc344testacc@gmail.com>
Oct 29, 2019 7:37:13 PM edu.oswego.debug.DebugLogger logEvent
INFO: Query made for statement: USE csc480_19f;
Oct 29, 2019 7:37:13 PM edu.oswego.debug.DebugLogger logEvent
INFO: Query made for statement: INSERT INTO user (email_address) VALUE ('first@gmail.com');
Oct 29, 2019 7:37:13 PM edu.oswego.debug.DebugLogger logEvent
INFO: Query made for statement: TRUNCATE TABLE email;
Oct 29, 2019 7:37:13 PM edu.oswego.debug.DebugLogger logEvent
SEVERE: email has been truncated completely
Oct 29, 2019 7:37:13 PM edu.oswego.debug.DebugLogger logEvent
INFO: Query made for statement: TRUNCATE TABLE email_addr;
Oct 29, 2019 7:37:13 PM edu.oswego.debug.DebugLogger logEvent
SEVERE: email_addr has been truncated completely
Oct 29, 2019 7:37:14 PM edu.oswego.debug.DebugLogger logEvent
INFO: Query made for statement: TRUNCATE TABLE filter_settings;
Oct 29, 2019 7:37:14 PM edu.oswego.debug.DebugLogger logEvent
SEVERE: filter_settings has been truncated completely
Oct 29, 2019 7:37:14 PM edu.oswego.debug.DebugLogger logEvent
INFO: Query made for statement: TRUNCATE TABLE folder;
Oct 29, 2019 7:37:14 PM edu.oswego.debug.DebugLogger logEvent
SEVERE: folder has been truncated completely
Oct 29, 2019 7:37:14 PM edu.oswego.debug.DebugLogger logEvent
INFO: Query made for statement: TRUNCATE TABLE received_email;
Oct 29, 2019 7:37:14 PM edu.oswego.debug.DebugLogger logEvent
SEVERE: received_email has been truncated completely
Oct 29, 2019 7:37:14 PM edu.oswego.debug.DebugLogger logEvent
INFO: Query made for statement: TRUNCATE TABLE user;
Oct 29, 2019 7:37:14 PM edu.oswego.debug.DebugLogger logEvent
SEVERE: user has been truncated completely
Oct 29, 2019 7:37:14 PM edu.oswego.debug.DebugLogger logEvent
INFO: Query made for statement: TRUNCATE TABLE user_email;
Oct 29, 2019 7:37:14 PM edu.oswego.debug.DebugLogger logEvent
SEVERE: user_email has been truncated completely
Oct 29, 2019 7:37:15 PM edu.oswego.debug.DebugLogger logEvent
INFO: Query made for statement: TRUNCATE TABLE user_favourites;
Oct 29, 2019 7:37:15 PM edu.oswego.debug.DebugLogger logEvent
SEVERE: user_favourites has been truncated completely
Oct 29, 2019 7:37:15 PM edu.oswego.debug.DebugLogger logEvent
INFO: Query made for statement: TRUNCATE TABLE sentiment_score;
Oct 29, 2019 7:37:15 PM edu.oswego.debug.DebugLogger logEvent
SEVERE: sentiment_score has been truncated completely
Oct 29, 2019 7:37:15 PM edu.oswego.debug.DebugLogger logEvent
SEVERE: Database tables have been truncated completely.
Oct 29, 2019 7:37:28 PM edu.oswego.debug.DebugLogger logEvent
INFO: Credentials loaded from local file.
Oct 29, 2019 7:37:28 PM edu.oswego.debug.DebugLogger logEvent
WARNING: Mailer object created. Information is in local storage stored unencrypted.
Oct 29, 2019 7:37:28 PM edu.oswego.debug.DebugLogger logEvent
INFO: Connection has been established with database.
Oct 29, 2019 7:37:28 PM edu.oswego.debug.DebugLogger logEvent
INFO: New user created 1 <csc344testacc@gmail.com>
Oct 29, 2019 7:37:28 PM edu.oswego.debug.DebugLogger logEvent
INFO: Database obj created for: 1 <csc344testacc@gmail.com>
Oct 29, 2019 7:37:28 PM edu.oswego.debug.DebugLogger logEvent
INFO: Query made for statement: USE csc480_19f;
Oct 29, 2019 7:37:28 PM edu.oswego.debug.DebugLogger logEvent
INFO: Query made for statement: INSERT INTO user (email_address) VALUE ('first@gmail.com');
Oct 29, 2019 7:37:28 PM edu.oswego.debug.DebugLogger logEvent
INFO: Query made for statement: TRUNCATE TABLE email;
Oct 29, 2019 7:37:28 PM edu.oswego.debug.DebugLogger logEvent
SEVERE: email has been truncated completely
Oct 29, 2019 7:37:29 PM edu.oswego.debug.DebugLogger logEvent
INFO: Query made for statement: TRUNCATE TABLE email_addr;
Oct 29, 2019 7:37:29 PM edu.oswego.debug.DebugLogger logEvent
SEVERE: email_addr has been truncated completely
Oct 29, 2019 7:37:29 PM edu.oswego.debug.DebugLogger logEvent
INFO: Query made for statement: TRUNCATE TABLE filter_settings;
Oct 29, 2019 7:37:29 PM edu.oswego.debug.DebugLogger logEvent
SEVERE: filter_settings has been truncated completely
Oct 29, 2019 7:37:29 PM edu.oswego.debug.DebugLogger logEvent
INFO: Query made for statement: TRUNCATE TABLE folder;
Oct 29, 2019 7:37:29 PM edu.oswego.debug.DebugLogger logEvent
SEVERE: folder has been truncated completely
Oct 29, 2019 7:37:29 PM edu.oswego.debug.DebugLogger logEvent
INFO: Query made for statement: TRUNCATE TABLE received_email;
Oct 29, 2019 7:37:29 PM edu.oswego.debug.DebugLogger logEvent
SEVERE: received_email has been truncated completely
Oct 29, 2019 7:37:29 PM edu.oswego.debug.DebugLogger logEvent
INFO: Query made for statement: TRUNCATE TABLE user;
Oct 29, 2019 7:37:29 PM edu.oswego.debug.DebugLogger logEvent
SEVERE: user has been truncated completely
Oct 29, 2019 7:37:29 PM edu.oswego.debug.DebugLogger logEvent
INFO: Query made for statement: TRUNCATE TABLE user_email;
Oct 29, 2019 7:37:29 PM edu.oswego.debug.DebugLogger logEvent
SEVERE: user_email has been truncated completely
Oct 29, 2019 7:37:30 PM edu.oswego.debug.DebugLogger logEvent
INFO: Query made for statement: TRUNCATE TABLE user_favourites;
Oct 29, 2019 7:37:30 PM edu.oswego.debug.DebugLogger logEvent
SEVERE: user_favourites has been truncated completely
Oct 29, 2019 7:37:30 PM edu.oswego.debug.DebugLogger logEvent
INFO: Query made for statement: TRUNCATE TABLE sentiment_score;
Oct 29, 2019 7:37:30 PM edu.oswego.debug.DebugLogger logEvent
SEVERE: sentiment_score has been truncated completely
Oct 29, 2019 7:37:30 PM edu.oswego.debug.DebugLogger logEvent
SEVERE: Database tables have been truncated completely.
Oct 29, 2019 7:37:30 PM edu.oswego.debug.DebugLogger logEvent
INFO: Credentials loaded from local file.
Oct 29, 2019 7:37:30 PM edu.oswego.debug.DebugLogger logEvent
WARNING: Mailer object created. Information is in local storage stored unencrypted.
Oct 29, 2019 7:37:30 PM edu.oswego.debug.DebugLogger logEvent
INFO: Connection has been established with database.
Oct 29, 2019 7:37:30 PM edu.oswego.debug.DebugLogger logEvent
INFO: New user created 1 <csc344testacc@gmail.com>
Oct 29, 2019 7:37:30 PM edu.oswego.debug.DebugLogger logEvent
INFO: Database obj created for: 1 <csc344testacc@gmail.com>
Oct 29, 2019 7:37:30 PM edu.oswego.debug.DebugLogger logEvent
INFO: Query made for statement: INSERT INTO folder (fold_name) VALUES ('Apple Developer'), ('INBOX'), ('Misc/UUP/CELT'), ('[Gmail]/Sent Mail');
Oct 29, 2019 7:37:30 PM edu.oswego.debug.DebugLogger logEvent
INFO: Query made for statement: INSERT INTO user_favourites (filter_settings_id, user_id, fav_name) VALUE (1, 1, 'Awesome favs');
Oct 29, 2019 7:37:30 PM edu.oswego.debug.DebugLogger logEvent
INFO: User Favourite added for 1 <csc344testacc@gmail.com>
Oct 29, 2019 7:37:30 PM edu.oswego.debug.DebugLogger logEvent
INFO: Query made for statement: INSERT INTO user_favourites (filter_settings_id, user_id, fav_name) VALUE (2, 1, 'Crappy favs');
Oct 29, 2019 7:37:30 PM edu.oswego.debug.DebugLogger logEvent
INFO: User Favourite added for 1 <csc344testacc@gmail.com>
Oct 29, 2019 7:37:30 PM edu.oswego.debug.DebugLogger logEvent
INFO: Query made for statement: INSERT INTO user_favourites (filter_settings_id, user_id, fav_name) VALUE (3, 1, 'Mediocre favs');
Oct 29, 2019 7:37:30 PM edu.oswego.debug.DebugLogger logEvent
INFO: User Favourite added for 1 <csc344testacc@gmail.com>
Oct 29, 2019 7:37:30 PM edu.oswego.debug.DebugLogger logEvent
INFO: Query made for statement: INSERT INTO user_favourites (filter_settings_id, user_id, fav_name) VALUE (4, 1, 'Jimmys favs');
Oct 29, 2019 7:37:30 PM edu.oswego.debug.DebugLogger logEvent
INFO: User Favourite added for 1 <csc344testacc@gmail.com>
Oct 29, 2019 7:37:30 PM edu.oswego.debug.DebugLogger logEvent
INFO: Query made for statement: DELETE FROM user_favourites WHERE fav_name = 'Jimmys favs' AND user_id = 1;
Oct 29, 2019 7:37:30 PM edu.oswego.debug.DebugLogger logEvent
INFO: User favourite removal submitted for 1 <csc344testacc@gmail.com>
Oct 29, 2019 7:37:31 PM edu.oswego.debug.DebugLogger logEvent
INFO: Favourites fetched for 1 <csc344testacc@gmail.com>
Oct 29, 2019 7:37:32 PM edu.oswego.debug.DebugLogger logEvent
INFO: Query made for statement: TRUNCATE TABLE email;
Oct 29, 2019 7:37:32 PM edu.oswego.debug.DebugLogger logEvent
SEVERE: email has been truncated completely
Oct 29, 2019 7:37:32 PM edu.oswego.debug.DebugLogger logEvent
INFO: Query made for statement: TRUNCATE TABLE email_addr;
Oct 29, 2019 7:37:32 PM edu.oswego.debug.DebugLogger logEvent
SEVERE: email_addr has been truncated completely
Oct 29, 2019 7:37:32 PM edu.oswego.debug.DebugLogger logEvent
INFO: Query made for statement: TRUNCATE TABLE filter_settings;
Oct 29, 2019 7:37:32 PM edu.oswego.debug.DebugLogger logEvent
SEVERE: filter_settings has been truncated completely
Oct 29, 2019 7:37:32 PM edu.oswego.debug.DebugLogger logEvent
INFO: Query made for statement: TRUNCATE TABLE folder;
Oct 29, 2019 7:37:32 PM edu.oswego.debug.DebugLogger logEvent
SEVERE: folder has been truncated completely
Oct 29, 2019 7:37:32 PM edu.oswego.debug.DebugLogger logEvent
INFO: Query made for statement: TRUNCATE TABLE received_email;
Oct 29, 2019 7:37:32 PM edu.oswego.debug.DebugLogger logEvent
SEVERE: received_email has been truncated completely
Oct 29, 2019 7:37:32 PM edu.oswego.debug.DebugLogger logEvent
INFO: Query made for statement: TRUNCATE TABLE user;
Oct 29, 2019 7:37:32 PM edu.oswego.debug.DebugLogger logEvent
SEVERE: user has been truncated completely
Oct 29, 2019 7:37:33 PM edu.oswego.debug.DebugLogger logEvent
INFO: Query made for statement: TRUNCATE TABLE user_email;
Oct 29, 2019 7:37:33 PM edu.oswego.debug.DebugLogger logEvent
SEVERE: user_email has been truncated completely
Oct 29, 2019 7:37:33 PM edu.oswego.debug.DebugLogger logEvent
INFO: Query made for statement: TRUNCATE TABLE user_favourites;
Oct 29, 2019 7:37:33 PM edu.oswego.debug.DebugLogger logEvent
SEVERE: user_favourites has been truncated completely
Oct 29, 2019 7:37:33 PM edu.oswego.debug.DebugLogger logEvent
INFO: Query made for statement: TRUNCATE TABLE sentiment_score;
Oct 29, 2019 7:37:33 PM edu.oswego.debug.DebugLogger logEvent
SEVERE: sentiment_score has been truncated completely
Oct 29, 2019 7:37:33 PM edu.oswego.debug.DebugLogger logEvent
SEVERE: Database tables have been truncated completely.
Oct 29, 2019 7:37:49 PM edu.oswego.debug.DebugLogger logEvent
INFO: Credentials loaded from local file.
Oct 29, 2019 7:37:49 PM edu.oswego.debug.DebugLogger logEvent
WARNING: Mailer object created. Information is in local storage stored unencrypted.
Oct 29, 2019 7:37:49 PM edu.oswego.debug.DebugLogger logEvent
INFO: Connection has been established with database.
Oct 29, 2019 7:37:49 PM edu.oswego.debug.DebugLogger logEvent
INFO: New user created 1 <csc344testacc@gmail.com>
Oct 29, 2019 7:37:49 PM edu.oswego.debug.DebugLogger logEvent
INFO: Database obj created for: 1 <csc344testacc@gmail.com>
Oct 29, 2019 7:37:49 PM edu.oswego.debug.DebugLogger logEvent
INFO: Query made for statement: USE csc480_19f;
Oct 29, 2019 7:37:50 PM edu.oswego.debug.DebugLogger logEvent
INFO: Query made for statement: INSERT INTO user (email_address) VALUE ('first@gmail.com');
Oct 29, 2019 7:37:50 PM edu.oswego.debug.DebugLogger logEvent
INFO: Query made for statement: TRUNCATE TABLE email;
Oct 29, 2019 7:37:50 PM edu.oswego.debug.DebugLogger logEvent
SEVERE: email has been truncated completely
Oct 29, 2019 7:37:50 PM edu.oswego.debug.DebugLogger logEvent
INFO: Credentials loaded from local file.
Oct 29, 2019 7:37:50 PM edu.oswego.debug.DebugLogger logEvent
WARNING: Mailer object created. Information is in local storage stored unencrypted.
Oct 29, 2019 7:37:50 PM edu.oswego.debug.DebugLogger logEvent
INFO: Query made for statement: TRUNCATE TABLE filter_settings;
Oct 29, 2019 7:37:50 PM edu.oswego.debug.DebugLogger logEvent
SEVERE: filter_settings has been truncated completely
Oct 29, 2019 7:37:50 PM edu.oswego.debug.DebugLogger logEvent
INFO: Query made for statement: TRUNCATE TABLE folder;
Oct 29, 2019 7:37:50 PM edu.oswego.debug.DebugLogger logEvent
SEVERE: folder has been truncated completely
Oct 29, 2019 7:37:50 PM edu.oswego.debug.DebugLogger logEvent
INFO: Connection has been established with database.
Oct 29, 2019 7:37:50 PM edu.oswego.debug.DebugLogger logEvent
INFO: Database obj created for: 1 <csc344testacc@gmail.com>
Oct 29, 2019 7:37:50 PM edu.oswego.debug.DebugLogger logEvent
INFO: Query made for statement: USE csc480_19f;
Oct 29, 2019 7:37:51 PM edu.oswego.debug.DebugLogger logEvent
INFO: Query made for statement: TRUNCATE TABLE received_email;
Oct 29, 2019 7:37:51 PM edu.oswego.debug.DebugLogger logEvent
SEVERE: received_email has been truncated completely
Oct 29, 2019 7:37:51 PM edu.oswego.debug.DebugLogger logEvent
INFO: Query made for statement: TRUNCATE TABLE email;
Oct 29, 2019 7:37:51 PM edu.oswego.debug.DebugLogger logEvent
SEVERE: email has been truncated completely
Oct 29, 2019 7:37:51 PM edu.oswego.debug.DebugLogger logEvent
INFO: Query made for statement: TRUNCATE TABLE user;
Oct 29, 2019 7:37:51 PM edu.oswego.debug.DebugLogger logEvent
SEVERE: user has been truncated completely
Oct 29, 2019 7:37:51 PM edu.oswego.debug.DebugLogger logEvent
INFO: Query made for statement: TRUNCATE TABLE email_addr;
Oct 29, 2019 7:37:51 PM edu.oswego.debug.DebugLogger logEvent
SEVERE: email_addr has been truncated completely
Oct 29, 2019 7:37:51 PM edu.oswego.debug.DebugLogger logEvent
INFO: Query made for statement: TRUNCATE TABLE user_email;
Oct 29, 2019 7:37:51 PM edu.oswego.debug.DebugLogger logEvent
SEVERE: user_email has been truncated completely
Oct 29, 2019 7:37:51 PM edu.oswego.debug.DebugLogger logEvent
INFO: Query made for statement: TRUNCATE TABLE filter_settings;
Oct 29, 2019 7:37:51 PM edu.oswego.debug.DebugLogger logEvent
SEVERE: filter_settings has been truncated completely
Oct 29, 2019 7:37:51 PM edu.oswego.debug.DebugLogger logEvent
INFO: Query made for statement: TRUNCATE TABLE user_favourites;
Oct 29, 2019 7:37:51 PM edu.oswego.debug.DebugLogger logEvent
SEVERE: user_favourites has been truncated completely
Oct 29, 2019 7:37:52 PM edu.oswego.debug.DebugLogger logEvent
INFO: Query made for statement: TRUNCATE TABLE folder;
Oct 29, 2019 7:37:52 PM edu.oswego.debug.DebugLogger logEvent
SEVERE: folder has been truncated completely
Oct 29, 2019 7:37:52 PM edu.oswego.debug.DebugLogger logEvent
INFO: Query made for statement: TRUNCATE TABLE sentiment_score;
Oct 29, 2019 7:37:52 PM edu.oswego.debug.DebugLogger logEvent
SEVERE: sentiment_score has been truncated completely
Oct 29, 2019 7:37:52 PM edu.oswego.debug.DebugLogger logEvent
SEVERE: Database tables have been truncated completely.
Oct 29, 2019 7:37:52 PM edu.oswego.debug.DebugLogger logEvent
INFO: Credentials loaded from local file.
Oct 29, 2019 7:37:52 PM edu.oswego.debug.DebugLogger logEvent
WARNING: Mailer object created. Information is in local storage stored unencrypted.
Oct 29, 2019 7:37:52 PM edu.oswego.debug.DebugLogger logEvent
INFO: Connection has been established with database.
Oct 29, 2019 7:37:52 PM edu.oswego.debug.DebugLogger logEvent
INFO: New user created 1 <csc344testacc@gmail.com>
Oct 29, 2019 7:37:52 PM edu.oswego.debug.DebugLogger logEvent
INFO: Database obj created for: 1 <csc344testacc@gmail.com>
Oct 29, 2019 7:37:52 PM edu.oswego.debug.DebugLogger logEvent
INFO: Query made for statement: TRUNCATE TABLE received_email;
Oct 29, 2019 7:37:52 PM edu.oswego.debug.DebugLogger logEvent
SEVERE: received_email has been truncated completely
Oct 29, 2019 7:37:52 PM edu.oswego.debug.DebugLogger logEvent
INFO: Query made for statement: INSERT INTO folder (fold_name) VALUES ('Apple Developer'), ('INBOX'), ('Misc/UUP/CELT'), ('[Gmail]/Sent Mail');
Oct 29, 2019 7:37:52 PM edu.oswego.debug.DebugLogger logEvent
INFO: Query made for statement: INSERT INTO user_favourites (filter_settings_id, user_id, fav_name) VALUE (1, 1, 'Awesome favs');
Oct 29, 2019 7:37:52 PM edu.oswego.debug.DebugLogger logEvent
INFO: User Favourite added for 1 <csc344testacc@gmail.com>
Oct 29, 2019 7:37:52 PM edu.oswego.debug.DebugLogger logEvent
INFO: Query made for statement: TRUNCATE TABLE user;
Oct 29, 2019 7:37:52 PM edu.oswego.debug.DebugLogger logEvent
SEVERE: user has been truncated completely
Oct 29, 2019 7:37:52 PM edu.oswego.debug.DebugLogger logEvent
INFO: Query made for statement: INSERT INTO user_favourites (filter_settings_id, user_id, fav_name) VALUE (2, 1, 'Crappy favs');
Oct 29, 2019 7:37:52 PM edu.oswego.debug.DebugLogger logEvent
INFO: User Favourite added for 1 <csc344testacc@gmail.com>
Oct 29, 2019 7:37:52 PM edu.oswego.debug.DebugLogger logEvent
INFO: Query made for statement: INSERT INTO user_favourites (filter_settings_id, user_id, fav_name) VALUE (3, 1, 'Mediocre favs');
Oct 29, 2019 7:37:52 PM edu.oswego.debug.DebugLogger logEvent
INFO: User Favourite added for 1 <csc344testacc@gmail.com>
Oct 29, 2019 7:37:53 PM edu.oswego.debug.DebugLogger logEvent
INFO: Query made for statement: TRUNCATE TABLE user_email;
Oct 29, 2019 7:37:53 PM edu.oswego.debug.DebugLogger logEvent
SEVERE: user_email has been truncated completely
Oct 29, 2019 7:37:53 PM edu.oswego.debug.DebugLogger logEvent
INFO: Query made for statement: INSERT INTO user_favourites (filter_settings_id, user_id, fav_name) VALUE (4, 1, 'Jimmys favs');
Oct 29, 2019 7:37:53 PM edu.oswego.debug.DebugLogger logEvent
INFO: User Favourite added for 1 <csc344testacc@gmail.com>
Oct 29, 2019 7:37:53 PM edu.oswego.debug.DebugLogger logEvent
INFO: Query made for statement: TRUNCATE TABLE user_favourites;
Oct 29, 2019 7:37:53 PM edu.oswego.debug.DebugLogger logEvent
SEVERE: user_favourites has been truncated completely
Oct 29, 2019 7:37:53 PM edu.oswego.debug.DebugLogger logEvent
INFO: Favourites fetched for 1 <csc344testacc@gmail.com>
Oct 29, 2019 7:37:53 PM edu.oswego.debug.DebugLogger logEvent
INFO: Query made for statement: TRUNCATE TABLE sentiment_score;
Oct 29, 2019 7:37:53 PM edu.oswego.debug.DebugLogger logEvent
SEVERE: sentiment_score has been truncated completely
Oct 29, 2019 7:37:53 PM edu.oswego.debug.DebugLogger logEvent
SEVERE: Database tables have been truncated completely.
Oct 29, 2019 7:37:53 PM edu.oswego.debug.DebugLogger logEvent
INFO: Credentials loaded from local file.
Oct 29, 2019 7:37:53 PM edu.oswego.debug.DebugLogger logEvent
WARNING: Mailer object created. Information is in local storage stored unencrypted.
Oct 29, 2019 7:37:53 PM edu.oswego.debug.DebugLogger logEvent
INFO: Query made for statement: TRUNCATE TABLE email;
Oct 29, 2019 7:37:53 PM edu.oswego.debug.DebugLogger logEvent
SEVERE: email has been truncated completely
Oct 29, 2019 7:37:53 PM edu.oswego.debug.DebugLogger logEvent
INFO: Connection has been established with database.
Oct 29, 2019 7:37:53 PM edu.oswego.debug.DebugLogger logEvent
INFO: New user created 1 <csc344testacc@gmail.com>
Oct 29, 2019 7:37:53 PM edu.oswego.debug.DebugLogger logEvent
INFO: Database obj created for: 1 <csc344testacc@gmail.com>
Oct 29, 2019 7:37:53 PM edu.oswego.debug.DebugLogger logEvent
INFO: Query made for statement: TRUNCATE TABLE email_addr;
Oct 29, 2019 7:37:53 PM edu.oswego.debug.DebugLogger logEvent
SEVERE: email_addr has been truncated completely
Oct 29, 2019 7:37:53 PM edu.oswego.debug.DebugLogger logEvent
INFO: Query made for statement: INSERT INTO folder (fold_name) VALUES ('Apple Developer'), ('INBOX'), ('Misc/UUP/CELT'), ('[Gmail]/Sent Mail');
Oct 29, 2019 7:37:54 PM edu.oswego.debug.DebugLogger logEvent
INFO: Query made for statement: TRUNCATE TABLE filter_settings;
Oct 29, 2019 7:37:54 PM edu.oswego.debug.DebugLogger logEvent
SEVERE: filter_settings has been truncated completely
Oct 29, 2019 7:37:54 PM edu.oswego.debug.DebugLogger logEvent
INFO: Query made for statement: INSERT INTO user_favourites (filter_settings_id, user_id, fav_name) VALUE (1, 1, 'Awesome favs');
Oct 29, 2019 7:37:54 PM edu.oswego.debug.DebugLogger logEvent
INFO: User Favourite added for 1 <csc344testacc@gmail.com>
Oct 29, 2019 7:37:54 PM edu.oswego.debug.DebugLogger logEvent
INFO: Query made for statement: TRUNCATE TABLE folder;
Oct 29, 2019 7:37:54 PM edu.oswego.debug.DebugLogger logEvent
SEVERE: folder has been truncated completely
Oct 29, 2019 7:37:54 PM edu.oswego.debug.DebugLogger logEvent
INFO: Query made for statement: DELETE FROM user_favourites WHERE fav_name = 'Jimmys favs' AND user_id = 1;
Oct 29, 2019 7:37:54 PM edu.oswego.debug.DebugLogger logEvent
INFO: User favourite removal submitted for 1 <csc344testacc@gmail.com>
Oct 29, 2019 7:37:54 PM edu.oswego.debug.DebugLogger logEvent
INFO: Favourites fetched for 1 <csc344testacc@gmail.com>
Oct 29, 2019 7:37:54 PM edu.oswego.debug.DebugLogger logEvent
INFO: Query made for statement: TRUNCATE TABLE received_email;
Oct 29, 2019 7:37:54 PM edu.oswego.debug.DebugLogger logEvent
SEVERE: received_email has been truncated completely
Oct 29, 2019 7:37:54 PM edu.oswego.debug.DebugLogger logEvent
INFO: Query made for statement: TRUNCATE TABLE email;
Oct 29, 2019 7:37:54 PM edu.oswego.debug.DebugLogger logEvent
SEVERE: email has been truncated completely
Oct 29, 2019 7:37:54 PM edu.oswego.debug.DebugLogger logEvent
INFO: Query made for statement: TRUNCATE TABLE user;
Oct 29, 2019 7:37:54 PM edu.oswego.debug.DebugLogger logEvent
SEVERE: user has been truncated completely
Oct 29, 2019 7:37:54 PM edu.oswego.debug.DebugLogger logEvent
INFO: Query made for statement: TRUNCATE TABLE email_addr;
Oct 29, 2019 7:37:54 PM edu.oswego.debug.DebugLogger logEvent
SEVERE: email_addr has been truncated completely
Oct 29, 2019 7:37:55 PM edu.oswego.debug.DebugLogger logEvent
INFO: Query made for statement: TRUNCATE TABLE user_email;
Oct 29, 2019 7:37:55 PM edu.oswego.debug.DebugLogger logEvent
SEVERE: user_email has been truncated completely
Oct 29, 2019 7:37:55 PM edu.oswego.debug.DebugLogger logEvent
INFO: Query made for statement: TRUNCATE TABLE filter_settings;
Oct 29, 2019 7:37:55 PM edu.oswego.debug.DebugLogger logEvent
SEVERE: filter_settings has been truncated completely
Oct 29, 2019 7:37:55 PM edu.oswego.debug.DebugLogger logEvent
INFO: Query made for statement: TRUNCATE TABLE user_favourites;
Oct 29, 2019 7:37:55 PM edu.oswego.debug.DebugLogger logEvent
SEVERE: user_favourites has been truncated completely
Oct 29, 2019 7:37:55 PM edu.oswego.debug.DebugLogger logEvent
INFO: Query made for statement: TRUNCATE TABLE folder;
Oct 29, 2019 7:37:55 PM edu.oswego.debug.DebugLogger logEvent
SEVERE: folder has been truncated completely
Oct 29, 2019 7:37:55 PM edu.oswego.debug.DebugLogger logEvent
INFO: Query made for statement: TRUNCATE TABLE sentiment_score;
Oct 29, 2019 7:37:55 PM edu.oswego.debug.DebugLogger logEvent
SEVERE: sentiment_score has been truncated completely
Oct 29, 2019 7:37:55 PM edu.oswego.debug.DebugLogger logEvent
SEVERE: Database tables have been truncated completely.
Oct 29, 2019 7:37:55 PM edu.oswego.debug.DebugLogger logEvent
SEVERE: received_email has been truncated completely
Oct 29, 2019 7:37:56 PM edu.oswego.debug.DebugLogger logEvent
INFO: Query made for statement: TRUNCATE TABLE user;
Oct 29, 2019 7:37:56 PM edu.oswego.debug.DebugLogger logEvent
SEVERE: user has been truncated completely
Oct 29, 2019 7:37:56 PM edu.oswego.debug.DebugLogger logEvent
INFO: Query made for statement: TRUNCATE TABLE user_email;
Oct 29, 2019 7:37:56 PM edu.oswego.debug.DebugLogger logEvent
SEVERE: user_email has been truncated completely
Oct 29, 2019 7:37:56 PM edu.oswego.debug.DebugLogger logEvent
INFO: Query made for statement: TRUNCATE TABLE user_favourites;
Oct 29, 2019 7:37:56 PM edu.oswego.debug.DebugLogger logEvent
SEVERE: user_favourites has been truncated completely
Oct 29, 2019 7:37:56 PM edu.oswego.debug.DebugLogger logEvent
INFO: Query made for statement: TRUNCATE TABLE sentiment_score;
Oct 29, 2019 7:37:56 PM edu.oswego.debug.DebugLogger logEvent
SEVERE: sentiment_score has been truncated completely
Oct 29, 2019 7:37:56 PM edu.oswego.debug.DebugLogger logEvent
SEVERE: Database tables have been truncated completely.
Oct 29, 2019 7:38:11 PM edu.oswego.debug.DebugLogger logEvent
INFO: Credentials loaded from local file.
Oct 29, 2019 7:38:11 PM edu.oswego.debug.DebugLogger logEvent
WARNING: Mailer object created. Information is in local storage stored unencrypted.
Oct 29, 2019 7:38:12 PM edu.oswego.debug.DebugLogger logEvent
INFO: Connection has been established with database.
Oct 29, 2019 7:38:12 PM edu.oswego.debug.DebugLogger logEvent
INFO: New user created 1 <csc344testacc@gmail.com>
Oct 29, 2019 7:38:12 PM edu.oswego.debug.DebugLogger logEvent
INFO: Database obj created for: 1 <csc344testacc@gmail.com>
Oct 29, 2019 7:38:12 PM edu.oswego.debug.DebugLogger logEvent
INFO: Query made for statement: USE csc480_19f;
Oct 29, 2019 7:38:12 PM edu.oswego.debug.DebugLogger logEvent
INFO: Query made for statement: INSERT INTO user (email_address) VALUE ('first@gmail.com');
Oct 29, 2019 7:38:12 PM edu.oswego.debug.DebugLogger logEvent
INFO: Query made for statement: TRUNCATE TABLE email;
Oct 29, 2019 7:38:12 PM edu.oswego.debug.DebugLogger logEvent
SEVERE: email has been truncated completely
Oct 29, 2019 7:38:12 PM edu.oswego.debug.DebugLogger logEvent
INFO: Query made for statement: TRUNCATE TABLE email_addr;
Oct 29, 2019 7:38:12 PM edu.oswego.debug.DebugLogger logEvent
SEVERE: email_addr has been truncated completely
Oct 29, 2019 7:38:12 PM edu.oswego.debug.DebugLogger logEvent
INFO: Query made for statement: TRUNCATE TABLE filter_settings;
Oct 29, 2019 7:38:12 PM edu.oswego.debug.DebugLogger logEvent
SEVERE: filter_settings has been truncated completely
Oct 29, 2019 7:38:12 PM edu.oswego.debug.DebugLogger logEvent
INFO: Query made for statement: TRUNCATE TABLE folder;
Oct 29, 2019 7:38:12 PM edu.oswego.debug.DebugLogger logEvent
SEVERE: folder has been truncated completely
Oct 29, 2019 7:38:13 PM edu.oswego.debug.DebugLogger logEvent
INFO: Query made for statement: TRUNCATE TABLE received_email;
Oct 29, 2019 7:38:13 PM edu.oswego.debug.DebugLogger logEvent
SEVERE: received_email has been truncated completely
Oct 29, 2019 7:38:13 PM edu.oswego.debug.DebugLogger logEvent
INFO: Query made for statement: TRUNCATE TABLE user;
Oct 29, 2019 7:38:13 PM edu.oswego.debug.DebugLogger logEvent
SEVERE: user has been truncated completely
Oct 29, 2019 7:38:13 PM edu.oswego.debug.DebugLogger logEvent
INFO: Query made for statement: TRUNCATE TABLE user_email;
Oct 29, 2019 7:38:13 PM edu.oswego.debug.DebugLogger logEvent
SEVERE: user_email has been truncated completely
Oct 29, 2019 7:38:13 PM edu.oswego.debug.DebugLogger logEvent
INFO: Query made for statement: TRUNCATE TABLE user_favourites;
Oct 29, 2019 7:38:13 PM edu.oswego.debug.DebugLogger logEvent
SEVERE: user_favourites has been truncated completely
Oct 29, 2019 7:38:13 PM edu.oswego.debug.DebugLogger logEvent
INFO: Query made for statement: TRUNCATE TABLE sentiment_score;
Oct 29, 2019 7:38:13 PM edu.oswego.debug.DebugLogger logEvent
SEVERE: sentiment_score has been truncated completely
Oct 29, 2019 7:38:13 PM edu.oswego.debug.DebugLogger logEvent
SEVERE: Database tables have been truncated completely.
Oct 29, 2019 7:38:13 PM edu.oswego.debug.DebugLogger logEvent
INFO: Credentials loaded from local file.
Oct 29, 2019 7:38:13 PM edu.oswego.debug.DebugLogger logEvent
WARNING: Mailer object created. Information is in local storage stored unencrypted.
Oct 29, 2019 7:38:13 PM edu.oswego.debug.DebugLogger logEvent
INFO: Connection has been established with database.
Oct 29, 2019 7:38:13 PM edu.oswego.debug.DebugLogger logEvent
INFO: New user created 1 <csc344testacc@gmail.com>
Oct 29, 2019 7:38:13 PM edu.oswego.debug.DebugLogger logEvent
INFO: Database obj created for: 1 <csc344testacc@gmail.com>
Oct 29, 2019 7:38:13 PM edu.oswego.debug.DebugLogger logEvent
INFO: Query made for statement: INSERT INTO folder (fold_name) VALUES ('Apple Developer'), ('INBOX'), ('Misc/UUP/CELT'), ('[Gmail]/Sent Mail');
Oct 29, 2019 7:38:14 PM edu.oswego.debug.DebugLogger logEvent
INFO: Query made for statement: INSERT INTO user_favourites (filter_settings_id, user_id, fav_name) VALUE (1, 1, 'Awesome favs');
Oct 29, 2019 7:38:14 PM edu.oswego.debug.DebugLogger logEvent
INFO: User Favourite added for 1 <csc344testacc@gmail.com>
Oct 29, 2019 7:38:14 PM edu.oswego.debug.DebugLogger logEvent
INFO: Query made for statement: INSERT INTO user_favourites (filter_settings_id, user_id, fav_name) VALUE (2, 1, 'Crappy favs');
Oct 29, 2019 7:38:14 PM edu.oswego.debug.DebugLogger logEvent
INFO: User Favourite added for 1 <csc344testacc@gmail.com>
Oct 29, 2019 7:38:14 PM edu.oswego.debug.DebugLogger logEvent
INFO: Query made for statement: INSERT INTO user_favourites (filter_settings_id, user_id, fav_name) VALUE (3, 1, 'Mediocre favs');
Oct 29, 2019 7:38:14 PM edu.oswego.debug.DebugLogger logEvent
INFO: User Favourite added for 1 <csc344testacc@gmail.com>
Oct 29, 2019 7:38:14 PM edu.oswego.debug.DebugLogger logEvent
INFO: Query made for statement: INSERT INTO user_favourites (filter_settings_id, user_id, fav_name) VALUE (4, 1, 'Jimmys favs');
Oct 29, 2019 7:38:14 PM edu.oswego.debug.DebugLogger logEvent
INFO: User Favourite added for 1 <csc344testacc@gmail.com>
Oct 29, 2019 7:38:14 PM edu.oswego.debug.DebugLogger logEvent
INFO: Query made for statement: DELETE FROM user_favourites WHERE fav_name = 'Jimmys favs' AND user_id = 1;
Oct 29, 2019 7:38:14 PM edu.oswego.debug.DebugLogger logEvent
INFO: User favourite removal submitted for 1 <csc344testacc@gmail.com>
Oct 29, 2019 7:38:15 PM edu.oswego.debug.DebugLogger logEvent
INFO: Favourites fetched for 1 <csc344testacc@gmail.com>
Oct 29, 2019 7:38:15 PM edu.oswego.debug.DebugLogger logEvent
INFO: Query made for statement: TRUNCATE TABLE email;
Oct 29, 2019 7:38:15 PM edu.oswego.debug.DebugLogger logEvent
SEVERE: email has been truncated completely
Oct 29, 2019 7:38:15 PM edu.oswego.debug.DebugLogger logEvent
INFO: Query made for statement: TRUNCATE TABLE email_addr;
Oct 29, 2019 7:38:15 PM edu.oswego.debug.DebugLogger logEvent
SEVERE: email_addr has been truncated completely
Oct 29, 2019 7:38:16 PM edu.oswego.debug.DebugLogger logEvent
INFO: Query made for statement: TRUNCATE TABLE filter_settings;
Oct 29, 2019 7:38:16 PM edu.oswego.debug.DebugLogger logEvent
SEVERE: filter_settings has been truncated completely
Oct 29, 2019 7:38:16 PM edu.oswego.debug.DebugLogger logEvent
INFO: Query made for statement: TRUNCATE TABLE folder;
Oct 29, 2019 7:38:16 PM edu.oswego.debug.DebugLogger logEvent
SEVERE: folder has been truncated completely
Oct 29, 2019 7:38:16 PM edu.oswego.debug.DebugLogger logEvent
INFO: Query made for statement: TRUNCATE TABLE received_email;
Oct 29, 2019 7:38:16 PM edu.oswego.debug.DebugLogger logEvent
SEVERE: received_email has been truncated completely
Oct 29, 2019 7:38:16 PM edu.oswego.debug.DebugLogger logEvent
INFO: Query made for statement: TRUNCATE TABLE user;
Oct 29, 2019 7:38:16 PM edu.oswego.debug.DebugLogger logEvent
SEVERE: user has been truncated completely
Oct 29, 2019 7:38:16 PM edu.oswego.debug.DebugLogger logEvent
INFO: Query made for statement: TRUNCATE TABLE user_email;
Oct 29, 2019 7:38:16 PM edu.oswego.debug.DebugLogger logEvent
SEVERE: user_email has been truncated completely
Oct 29, 2019 7:38:16 PM edu.oswego.debug.DebugLogger logEvent
INFO: Query made for statement: TRUNCATE TABLE user_favourites;
Oct 29, 2019 7:38:16 PM edu.oswego.debug.DebugLogger logEvent
SEVERE: user_favourites has been truncated completely
Oct 29, 2019 7:38:17 PM edu.oswego.debug.DebugLogger logEvent
INFO: Query made for statement: TRUNCATE TABLE sentiment_score;
Oct 29, 2019 7:38:17 PM edu.oswego.debug.DebugLogger logEvent
SEVERE: sentiment_score has been truncated completely
Oct 29, 2019 7:38:17 PM edu.oswego.debug.DebugLogger logEvent
SEVERE: Database tables have been truncated completely.
Oct 29, 2019 7:42:05 PM edu.oswego.debug.DebugLogger logEvent
INFO: Credentials loaded from local file.
Oct 29, 2019 7:42:05 PM edu.oswego.debug.DebugLogger logEvent
WARNING: Mailer object created. Information is in local storage stored unencrypted.
Oct 29, 2019 7:42:05 PM edu.oswego.debug.DebugLogger logEvent
INFO: Connection has been established with database.
Oct 29, 2019 7:42:05 PM edu.oswego.debug.DebugLogger logEvent
INFO: New user created 1 <csc344testacc@gmail.com>
Oct 29, 2019 7:42:05 PM edu.oswego.debug.DebugLogger logEvent
INFO: Database obj created for: 1 <csc344testacc@gmail.com>
Oct 29, 2019 7:42:05 PM edu.oswego.debug.DebugLogger logEvent
INFO: Query made for statement: TRUNCATE TABLE email;
Oct 29, 2019 7:42:05 PM edu.oswego.debug.DebugLogger logEvent
SEVERE: email has been truncated completely
Oct 29, 2019 7:42:06 PM edu.oswego.debug.DebugLogger logEvent
INFO: Query made for statement: TRUNCATE TABLE email_addr;
Oct 29, 2019 7:42:06 PM edu.oswego.debug.DebugLogger logEvent
SEVERE: email_addr has been truncated completely
Oct 29, 2019 7:42:06 PM edu.oswego.debug.DebugLogger logEvent
INFO: Query made for statement: TRUNCATE TABLE filter_settings;
Oct 29, 2019 7:42:06 PM edu.oswego.debug.DebugLogger logEvent
SEVERE: filter_settings has been truncated completely
Oct 29, 2019 7:42:06 PM edu.oswego.debug.DebugLogger logEvent
INFO: Query made for statement: TRUNCATE TABLE folder;
Oct 29, 2019 7:42:06 PM edu.oswego.debug.DebugLogger logEvent
SEVERE: folder has been truncated completely
Oct 29, 2019 7:42:06 PM edu.oswego.debug.DebugLogger logEvent
INFO: Query made for statement: TRUNCATE TABLE received_email;
Oct 29, 2019 7:42:06 PM edu.oswego.debug.DebugLogger logEvent
SEVERE: received_email has been truncated completely
Oct 29, 2019 7:42:07 PM edu.oswego.debug.DebugLogger logEvent
INFO: Query made for statement: TRUNCATE TABLE user;
Oct 29, 2019 7:42:07 PM edu.oswego.debug.DebugLogger logEvent
SEVERE: user has been truncated completely
Oct 29, 2019 7:42:07 PM edu.oswego.debug.DebugLogger logEvent
INFO: Query made for statement: TRUNCATE TABLE user_email;
Oct 29, 2019 7:42:07 PM edu.oswego.debug.DebugLogger logEvent
SEVERE: user_email has been truncated completely
Oct 29, 2019 7:42:07 PM edu.oswego.debug.DebugLogger logEvent
INFO: Query made for statement: TRUNCATE TABLE user_favourites;
Oct 29, 2019 7:42:07 PM edu.oswego.debug.DebugLogger logEvent
SEVERE: user_favourites has been truncated completely
Oct 29, 2019 7:42:07 PM edu.oswego.debug.DebugLogger logEvent
INFO: Query made for statement: TRUNCATE TABLE sentiment_score;
Oct 29, 2019 7:42:07 PM edu.oswego.debug.DebugLogger logEvent
SEVERE: sentiment_score has been truncated completely
Oct 29, 2019 7:42:07 PM edu.oswego.debug.DebugLogger logEvent
SEVERE: Database tables have been truncated completely.
Oct 29, 2019 7:42:07 PM edu.oswego.debug.DebugLogger logEvent
INFO: Credentials loaded from local file.
Oct 29, 2019 7:42:07 PM edu.oswego.debug.DebugLogger logEvent
WARNING: Mailer object created. Information is in local storage stored unencrypted.
Oct 29, 2019 7:42:12 PM edu.oswego.debug.DebugLogger logEvent
INFO: Connection has been established with database.
Oct 29, 2019 7:42:12 PM edu.oswego.debug.DebugLogger logEvent
INFO: New user created 1 <csc344testacc@gmail.com>
Oct 29, 2019 7:42:12 PM edu.oswego.debug.DebugLogger logEvent
INFO: Database obj created for: 1 <csc344testacc@gmail.com>
Oct 29, 2019 7:42:12 PM edu.oswego.debug.DebugLogger logEvent
INFO: Query made for statement: USE csc480_19f;
Oct 29, 2019 7:42:12 PM edu.oswego.debug.DebugLogger logEvent
INFO: Query made for statement: INSERT INTO user (email_address) VALUE ('first@gmail.com');
Oct 29, 2019 7:42:13 PM edu.oswego.debug.DebugLogger logEvent
INFO: Query made for statement: TRUNCATE TABLE email;
Oct 29, 2019 7:42:13 PM edu.oswego.debug.DebugLogger logEvent
SEVERE: email has been truncated completely
Oct 29, 2019 7:42:13 PM edu.oswego.debug.DebugLogger logEvent
INFO: Query made for statement: TRUNCATE TABLE email_addr;
Oct 29, 2019 7:42:13 PM edu.oswego.debug.DebugLogger logEvent
SEVERE: email_addr has been truncated completely
Oct 29, 2019 7:42:13 PM edu.oswego.debug.DebugLogger logEvent
INFO: Query made for statement: TRUNCATE TABLE filter_settings;
Oct 29, 2019 7:42:13 PM edu.oswego.debug.DebugLogger logEvent
SEVERE: filter_settings has been truncated completely
Oct 29, 2019 7:42:13 PM edu.oswego.debug.DebugLogger logEvent
INFO: Query made for statement: TRUNCATE TABLE folder;
Oct 29, 2019 7:42:13 PM edu.oswego.debug.DebugLogger logEvent
SEVERE: folder has been truncated completely
Oct 29, 2019 7:42:13 PM edu.oswego.debug.DebugLogger logEvent
INFO: Query made for statement: TRUNCATE TABLE received_email;
Oct 29, 2019 7:42:13 PM edu.oswego.debug.DebugLogger logEvent
SEVERE: received_email has been truncated completely
Oct 29, 2019 7:42:13 PM edu.oswego.debug.DebugLogger logEvent
INFO: Query made for statement: TRUNCATE TABLE user;
Oct 29, 2019 7:42:13 PM edu.oswego.debug.DebugLogger logEvent
SEVERE: user has been truncated completely
Oct 29, 2019 7:42:14 PM edu.oswego.debug.DebugLogger logEvent
INFO: Query made for statement: TRUNCATE TABLE user_email;
Oct 29, 2019 7:42:14 PM edu.oswego.debug.DebugLogger logEvent
SEVERE: user_email has been truncated completely
Oct 29, 2019 7:42:14 PM edu.oswego.debug.DebugLogger logEvent
INFO: Query made for statement: TRUNCATE TABLE user_favourites;
Oct 29, 2019 7:42:14 PM edu.oswego.debug.DebugLogger logEvent
SEVERE: user_favourites has been truncated completely
Oct 29, 2019 7:42:14 PM edu.oswego.debug.DebugLogger logEvent
INFO: Query made for statement: TRUNCATE TABLE sentiment_score;
Oct 29, 2019 7:42:14 PM edu.oswego.debug.DebugLogger logEvent
SEVERE: sentiment_score has been truncated completely
Oct 29, 2019 7:42:14 PM edu.oswego.debug.DebugLogger logEvent
SEVERE: Database tables have been truncated completely.
Oct 29, 2019 7:42:14 PM edu.oswego.debug.DebugLogger logEvent
INFO: Credentials loaded from local file.
Oct 29, 2019 7:42:14 PM edu.oswego.debug.DebugLogger logEvent
WARNING: Mailer object created. Information is in local storage stored unencrypted.
Oct 29, 2019 7:42:14 PM edu.oswego.debug.DebugLogger logEvent
INFO: Connection has been established with database.
Oct 29, 2019 7:42:14 PM edu.oswego.debug.DebugLogger logEvent
INFO: New user created 1 <csc344testacc@gmail.com>
Oct 29, 2019 7:42:14 PM edu.oswego.debug.DebugLogger logEvent
INFO: Database obj created for: 1 <csc344testacc@gmail.com>
Oct 29, 2019 7:42:14 PM edu.oswego.debug.DebugLogger logEvent
INFO: Query made for statement: INSERT INTO folder (fold_name) VALUES ('Apple Developer'), ('INBOX'), ('Misc/UUP/CELT'), ('[Gmail]/Sent Mail');
Oct 29, 2019 7:42:14 PM edu.oswego.debug.DebugLogger logEvent
INFO: Query made for statement: INSERT INTO user_favourites (filter_settings_id, user_id, fav_name) VALUE (1, 1, 'Awesome favs');
Oct 29, 2019 7:42:14 PM edu.oswego.debug.DebugLogger logEvent
INFO: User Favourite added for 1 <csc344testacc@gmail.com>
Oct 29, 2019 7:42:14 PM edu.oswego.debug.DebugLogger logEvent
INFO: Query made for statement: INSERT INTO user_favourites (filter_settings_id, user_id, fav_name) VALUE (2, 1, 'Crappy favs');
Oct 29, 2019 7:42:14 PM edu.oswego.debug.DebugLogger logEvent
INFO: User Favourite added for 1 <csc344testacc@gmail.com>
Oct 29, 2019 7:42:14 PM edu.oswego.debug.DebugLogger logEvent
INFO: Query made for statement: INSERT INTO user_favourites (filter_settings_id, user_id, fav_name) VALUE (3, 1, 'Mediocre favs');
Oct 29, 2019 7:42:14 PM edu.oswego.debug.DebugLogger logEvent
INFO: User Favourite added for 1 <csc344testacc@gmail.com>
Oct 29, 2019 7:42:15 PM edu.oswego.debug.DebugLogger logEvent
INFO: Query made for statement: INSERT INTO user_favourites (filter_settings_id, user_id, fav_name) VALUE (4, 1, 'Jimmys favs');
Oct 29, 2019 7:42:15 PM edu.oswego.debug.DebugLogger logEvent
INFO: User Favourite added for 1 <csc344testacc@gmail.com>
Oct 29, 2019 7:42:15 PM edu.oswego.debug.DebugLogger logEvent
INFO: Query made for statement: DELETE FROM user_favourites WHERE fav_name = 'Jimmys favs' AND user_id = 1;
Oct 29, 2019 7:42:15 PM edu.oswego.debug.DebugLogger logEvent
INFO: User favourite removal submitted for 1 <csc344testacc@gmail.com>
Oct 29, 2019 7:42:16 PM edu.oswego.debug.DebugLogger logEvent
INFO: Favourites fetched for 1 <csc344testacc@gmail.com>
Oct 29, 2019 7:42:16 PM edu.oswego.debug.DebugLogger logEvent
INFO: Query made for statement: TRUNCATE TABLE email;
Oct 29, 2019 7:42:16 PM edu.oswego.debug.DebugLogger logEvent
SEVERE: email has been truncated completely
Oct 29, 2019 7:42:16 PM edu.oswego.debug.DebugLogger logEvent
INFO: Query made for statement: TRUNCATE TABLE email_addr;
Oct 29, 2019 7:42:16 PM edu.oswego.debug.DebugLogger logEvent
SEVERE: email_addr has been truncated completely
Oct 29, 2019 7:42:16 PM edu.oswego.debug.DebugLogger logEvent
INFO: Query made for statement: TRUNCATE TABLE filter_settings;
Oct 29, 2019 7:42:16 PM edu.oswego.debug.DebugLogger logEvent
SEVERE: filter_settings has been truncated completely
Oct 29, 2019 7:42:17 PM edu.oswego.debug.DebugLogger logEvent
INFO: Query made for statement: TRUNCATE TABLE folder;
Oct 29, 2019 7:42:17 PM edu.oswego.debug.DebugLogger logEvent
SEVERE: folder has been truncated completely
Oct 29, 2019 7:42:17 PM edu.oswego.debug.DebugLogger logEvent
INFO: Query made for statement: TRUNCATE TABLE received_email;
Oct 29, 2019 7:42:17 PM edu.oswego.debug.DebugLogger logEvent
SEVERE: received_email has been truncated completely
Oct 29, 2019 7:42:17 PM edu.oswego.debug.DebugLogger logEvent
INFO: Query made for statement: TRUNCATE TABLE user;
Oct 29, 2019 7:42:17 PM edu.oswego.debug.DebugLogger logEvent
SEVERE: user has been truncated completely
Oct 29, 2019 7:42:17 PM edu.oswego.debug.DebugLogger logEvent
INFO: Query made for statement: TRUNCATE TABLE user_email;
Oct 29, 2019 7:42:17 PM edu.oswego.debug.DebugLogger logEvent
SEVERE: user_email has been truncated completely
Oct 29, 2019 7:42:17 PM edu.oswego.debug.DebugLogger logEvent
INFO: Query made for statement: TRUNCATE TABLE user_favourites;
Oct 29, 2019 7:42:17 PM edu.oswego.debug.DebugLogger logEvent
SEVERE: user_favourites has been truncated completely
Oct 29, 2019 7:42:18 PM edu.oswego.debug.DebugLogger logEvent
INFO: Query made for statement: TRUNCATE TABLE sentiment_score;
Oct 29, 2019 7:42:18 PM edu.oswego.debug.DebugLogger logEvent
SEVERE: sentiment_score has been truncated completely
Oct 29, 2019 7:42:18 PM edu.oswego.debug.DebugLogger logEvent
SEVERE: Database tables have been truncated completely.
